\BOOKMARK [0][-]{section*.1}{Abstrak}{}% 1
\BOOKMARK [0][-]{section*.2}{Kata Pengantar}{}% 2
\BOOKMARK [0][-]{section*.3}{Daftar Isi}{}% 3
\BOOKMARK [0][-]{section*.4}{Daftar Tabel}{}% 4
\BOOKMARK [0][-]{section*.6}{Daftar Gambar}{}% 5
\BOOKMARK [0][-]{section*.7}{Daftar Singkatan}{}% 6
\BOOKMARK [0][-]{chapter.1}{Pendahuluan}{}% 7
\BOOKMARK [1][-]{section.1.1}{Latar Belakang Masalah}{chapter.1}% 8
\BOOKMARK [1][-]{section.1.2}{Identifikasi dan Perumusan Masalah.}{chapter.1}% 9
\BOOKMARK [1][-]{section.1.3}{Batasan Masalah dan Asumsi}{chapter.1}% 10
\BOOKMARK [1][-]{section.1.4}{Tujuan Tugas Akhir}{chapter.1}% 11
\BOOKMARK [1][-]{section.1.5}{Manfaat Tugas Akhir}{chapter.1}% 12
\BOOKMARK [1][-]{section.1.6}{Metodologi Tugas Akhir}{chapter.1}% 13
\BOOKMARK [1][-]{section.1.7}{Sistematika Penulisan}{chapter.1}% 14
\BOOKMARK [0][-]{chapter.2}{Tinjauan Pustaka}{}% 15
\BOOKMARK [1][-]{section.2.1}{Hukum-hukum Rangkaian Listrik}{chapter.2}% 16
\BOOKMARK [2][-]{subsection.2.1.1}{Hukum Ohm}{section.2.1}% 17
\BOOKMARK [2][-]{subsection.2.1.2}{Hukum Kirchoff}{section.2.1}% 18
\BOOKMARK [1][-]{section.2.2}{Menyisipkan Persamaan}{chapter.2}% 19
\BOOKMARK [2][-]{subsection.2.2.1}{Membuat Persamaan \(Equation\)}{section.2.2}% 20
\BOOKMARK [2][-]{subsection.2.2.2}{Menuliskan Matrix}{section.2.2}% 21
\BOOKMARK [1][-]{section.2.3}{Menuliskan Referensi dan Sitasi}{chapter.2}% 22
\BOOKMARK [1][-]{section.2.4}{Menampilkan Gambar}{chapter.2}% 23
\BOOKMARK [2][-]{subsection.2.4.1}{Gambar Tipe Satu}{section.2.4}% 24
\BOOKMARK [2][-]{subsection.2.4.2}{Gambar Tipe Dua}{section.2.4}% 25
\BOOKMARK [2][-]{subsection.2.4.3}{Gambar Tipe Tiga}{section.2.4}% 26
\BOOKMARK [2][-]{subsection.2.4.4}{Gambar Tipe Empat}{section.2.4}% 27
\BOOKMARK [1][-]{section.2.5}{Menuliskan Tabel}{chapter.2}% 28
\BOOKMARK [0][-]{chapter.3}{Perancangan Sistem}{}% 29
\BOOKMARK [1][-]{section.3.1}{Spesifikasi Sistem/Disain}{chapter.3}% 30
\BOOKMARK [1][-]{section.3.2}{Rincian Disain}{chapter.3}% 31
\BOOKMARK [2][-]{subsection.3.2.1}{Komponen Utama}{section.3.2}% 32
\BOOKMARK [2][-]{subsection.3.2.2}{Komponen lebih rinci}{section.3.2}% 33
\BOOKMARK [1][-]{section.3.3}{Rencana Pembuatan}{chapter.3}% 34
\BOOKMARK [1][-]{section.3.4}{Rencana Pengujian Sistem}{chapter.3}% 35
\BOOKMARK [1][-]{section.3.5}{Rincian Biaya}{chapter.3}% 36
\BOOKMARK [0][-]{section*.19}{Daftar Pustaka}{}% 37
\BOOKMARK [0][-]{appendix*.20}{Lampiran \040A. Beberapa Teori Pendukung}{}% 38
\BOOKMARK [1][-]{section.A.1}{Graph Theory Notations}{appendix*.20}% 39
\BOOKMARK [0][-]{appendix*.21}{Lampiran \040B. Listing dan Skema Sistem}{}% 40
\BOOKMARK [1][-]{section.B.1}{Listing Program Sistem XYZ}{appendix*.21}% 41
\BOOKMARK [1][-]{section.B.2}{Layout Rangkaian Listrik Sistem XYZ}{appendix*.21}% 42
\BOOKMARK [1][-]{section.B.3}{Desain Mekanik Sistem XYZ}{appendix*.21}% 43
\BOOKMARK [1][-]{section.B.4}{Diagram Grumman Sailboat}{appendix*.21}% 44
